<?xml version="1.0" encoding="UTF-8"?>
<!-- Generated by org.testng.reporters.JUnitReportReporter -->
<testsuite hostname="SPOSHETT-LAP" failures="0" tests="1" name="myframework.Class1" time="0.022" errors="0" timestamp="2022-05-26T14:55:54 IST" skipped="0">
  <testcase classname="myframework.Class1" name="class1method1" time="0.022"/>
  <system-out/>
</testsuite> <!-- myframework.Class1 -->
