<?xml version="1.0" encoding="UTF-8"?>
<!-- Generated by org.testng.reporters.JUnitReportReporter -->
<testsuite hostname="SPOSHETT-LAP" failures="0" tests="3" name="myframework.Class2" time="0.004" errors="0" timestamp="2022-05-26T14:31:15 IST" skipped="0">
  <testcase classname="myframework.Class2" name="class2method2" time="0.001"/>
  <system-out/>
  <testcase classname="myframework.Class2" name="class2method1" time="0.001"/>
  <system-out/>
  <testcase classname="myframework.Class2" name="class2method3" time="0.002"/>
  <system-out/>
</testsuite> <!-- myframework.Class2 -->
